<?xml version="1.0" encoding="UTF-8"?>
<testsuite name="com.hamoutahra.adventuregame.AdventureGameTest" tests="6" skipped="0" failures="0" errors="0" timestamp="2024-01-15T08:59:28" hostname="NHAMOUTAHRA1" time="0.031">
  <properties/>
  <testcase name="testInvalidStartPosition()" classname="com.hamoutahra.adventuregame.AdventureGameTest" time="0.02"/>
  <testcase name="testExceptionWhenMovementsFileNotFound()" classname="com.hamoutahra.adventuregame.AdventureGameTest" time="0.002"/>
  <testcase name="testInvalidMovementsFileFormat()" classname="com.hamoutahra.adventuregame.AdventureGameTest" time="0.002"/>
  <testcase name="testExceptionWhenMapFileNotFound()" classname="com.hamoutahra.adventuregame.AdventureGameTest" time="0.002"/>
  <testcase name="testMovementToExpectedPosition()" classname="com.hamoutahra.adventuregame.AdventureGameTest" time="0.002"/>
  <testcase name="testExceptionOnInvalidMovementFormat()" classname="com.hamoutahra.adventuregame.AdventureGameTest" time="0.001"/>
  <system-out><![CDATA[]]></system-out>
  <system-err><![CDATA[]]></system-err>
</testsuite>
